Active-HDL 13.0.375.8320 2023-07-10 17:02:35

Elaboration top modules:
Architecture                  TB_ARCHITECTURE(datapath_tb)


-------------------------------------------------------------------------------------------------
Entity      | Architecture    | Library | Info | Compiler Version          | Compilation Options
-------------------------------------------------------------------------------------------------
datapath_tb | TB_ARCHITECTURE | e2      |      | 13.0.375.8320 (Windows64) | -O3 -2019
DataPath    | Behavior        | e2      |      | 13.0.375.8320 (Windows64) | -O3 -2019
filter_tb   | filter_tb       | e2      |      | 13.0.375.8320 (Windows64) | -O3 -2019
-------------------------------------------------------------------------------------------------

-------------------------------------------------------------------------------------------------
VHDL Package                  | Library | Info | Compiler Version          | Compilation Options
-------------------------------------------------------------------------------------------------
standard                      | std     |      |                           | <unavailable>
TEXTIO                        | std     |      | 13.0.375.8320 (Windows64) |  -2019
std_logic_1164                | ieee    |      | 13.0.375.8320 (Windows64) |  -2008
NUMERIC_STD                   | ieee    |      | 13.0.375.8320 (Windows64) |  -2008
STD_LOGIC_TEXTIO              | ieee    |      | 13.0.375.8320 (Windows64) | <unavailable>
-------------------------------------------------------------------------------------------------

-------------------------------------------------------------------------------------------------
Library                       | Comment
-------------------------------------------------------------------------------------------------
e2                            | None
ieee                          | Standard IEEE packages library
std                           | Standard VHDL library
-------------------------------------------------------------------------------------------------


Simulation Options: asim -O5 +access +r +m+datapath_tb datapath_tb TB_ARCHITECTURE

