# ELBREAD: Elaboration process.
# ELBREAD: Elaboration time 0.0 [s].
asim -O5 +access +r +m+datapath_tb datapath_tb TB_ARCHITECTURE
# ELBREAD: Elaboration process.
# ELBREAD: Elaboration time 0.0 [s].
# VSIM: Stack memory: 32MB
# VSIM: Retval memory: 32MB
acom -O3 -e 100 -work E2 -2019  $dsn/src/main.vhd
# Warning: DAGGEN_0523: The source is compiled without the -dbg switch. Line breakpoints and assertion debug will not be available.
# File: D:/ActiveHDL_Projects/Project_Move_Forward/E2/src/main.vhd
# Compile Entity "filter_tb"
# Compile Architecture "filter_tb" of Entity "filter_tb"
# Compile Entity "DataPath"
# Compile Architecture "Behavior" of Entity "DataPath"
# Compile success 0 Errors 0 Warnings  Analysis time :  0.2 [s]
# ELBREAD: Elaboration process.
# ELBREAD: Elaboration time 0.0 [s].
# KERNEL: Main thread initiated.
# KERNEL: Kernel process initialization phase.
# ELAB2: Elaboration final pass...
# ELAB2: Create instances ...
# KERNEL: Time resolution set to 1ps.
# ELAB2: Create instances complete.
# SLP: Started
# SLP: Elaboration phase ...
# SLP: Elaboration phase ... skipped, nothing to simulate in SLP mode : 0.0 [s]
# SLP: Finished : 0.0 [s]
# ELAB2: Elaboration final pass complete - time: 0.1 [s].
# KERNEL: Kernel process initialization done.
# Allocation: Simulator allocated 6746 kB (elbread=427 elab2=6176 kernel=142 sdf=0)
# KERNEL: ASDB file was created in location D:\ActiveHDL_Projects\Project_Move_Forward\E2\src\wave.asdb
#  11:15, 10 July 2023
#  Simulation has been initialized
run 100 ns
# EXECUTION:: NOTE   : myFile2.txt
# 	file_open_status = open_ok
# EXECUTION:: Time: 0 ps,  Iteration: 0,  Instance: /datapath_tb/UUT/G1,  Process: line__18.
# KERNEL: WARNING: NUMERIC_STD.">": metavalue detected, returning FALSE
# KERNEL: Time: 45 ns,  Iteration: 1,  Instance: /datapath_tb/UUT,  Process: Stage3.
# KERNEL: WARNING: NUMERIC_STD."<": metavalue detected, returning FALSE
# KERNEL: Time: 45 ns,  Iteration: 1,  Instance: /datapath_tb/UUT,  Process: Stage3.
# KERNEL: WARNING: NUMERIC_STD."=": metavalue detected, returning FALSE
# KERNEL: Time: 45 ns,  Iteration: 1,  Instance: /datapath_tb/UUT,  Process: Stage3.
# KERNEL: WARNING: NUMERIC_STD.TO_INTEGER: metavalue detected, returning 0
# KERNEL: Time: 55 ns,  Iteration: 1,  Instance: /datapath_tb/UUT,  Process: Stage1.
# EXECUTION:: NOTE   : myFile2.txt closed.
# EXECUTION:: Time: 55 ns,  Iteration: 1,  Instance: /datapath_tb/UUT/G1,  Process: line__18.
# KERNEL: WARNING: NUMERIC_STD.TO_INTEGER: metavalue detected, returning 0
# KERNEL: Time: 65 ns,  Iteration: 1,  Instance: /datapath_tb/UUT,  Process: Stage1.
# KERNEL: WARNING: NUMERIC_STD.TO_INTEGER: metavalue detected, returning 0
# KERNEL: Time: 75 ns,  Iteration: 1,  Instance: /datapath_tb/UUT,  Process: Stage1.
# KERNEL: WARNING: NUMERIC_STD.TO_INTEGER: metavalue detected, returning 0
# KERNEL: Time: 75 ns,  Iteration: 1,  Instance: /datapath_tb/UUT,  Process: Stage1.
# KERNEL: WARNING: NUMERIC_STD.">": metavalue detected, returning FALSE
# KERNEL: Time: 85 ns,  Iteration: 1,  Instance: /datapath_tb/UUT,  Process: Stage3.
# KERNEL: WARNING: NUMERIC_STD."<": metavalue detected, returning FALSE
# KERNEL: Time: 85 ns,  Iteration: 1,  Instance: /datapath_tb/UUT,  Process: Stage3.
# KERNEL: WARNING: NUMERIC_STD.TO_INTEGER: metavalue detected, returning 0
# KERNEL: Time: 85 ns,  Iteration: 1,  Instance: /datapath_tb/UUT,  Process: Stage3.
# KERNEL: WARNING: NUMERIC_STD."=": metavalue detected, returning FALSE
# KERNEL: Time: 85 ns,  Iteration: 1,  Instance: /datapath_tb/UUT,  Process: Stage3.
# KERNEL: WARNING: NUMERIC_STD.TO_INTEGER: metavalue detected, returning 0
# KERNEL: Time: 95 ns,  Iteration: 1,  Instance: /datapath_tb/UUT,  Process: Stage1.
# KERNEL: WARNING: NUMERIC_STD.">": metavalue detected, returning FALSE
# KERNEL: Time: 95 ns,  Iteration: 1,  Instance: /datapath_tb/UUT,  Process: Stage3.
# KERNEL: WARNING: NUMERIC_STD."<": metavalue detected, returning FALSE
# KERNEL: Time: 95 ns,  Iteration: 1,  Instance: /datapath_tb/UUT,  Process: Stage3.
# KERNEL: WARNING: NUMERIC_STD.TO_INTEGER: metavalue detected, returning 0
# KERNEL: Time: 95 ns,  Iteration: 1,  Instance: /datapath_tb/UUT,  Process: Stage3.
# KERNEL: WARNING: NUMERIC_STD."=": metavalue detected, returning FALSE
# KERNEL: Time: 95 ns,  Iteration: 1,  Instance: /datapath_tb/UUT,  Process: Stage3.
# KERNEL: stopped at time: 100 ns
endsim
# VSIM: Simulation has finished.
asim -O5 +access +r +m+datapath_tb datapath_tb TB_ARCHITECTURE
# ELBREAD: Elaboration process.
# ELBREAD: Elaboration time 0.0 [s].
# VSIM: Stack memory: 32MB
# VSIM: Retval memory: 32MB
# KERNEL: Main thread initiated.
# KERNEL: Kernel process initialization phase.
# ELAB2: Elaboration final pass...
# ELAB2: Create instances ...
# KERNEL: Time resolution set to 1ps.
# ELAB2: Create instances complete.
# SLP: Started
# SLP: Elaboration phase ...
# SLP: Elaboration phase ... skipped, nothing to simulate in SLP mode : 0.0 [s]
# SLP: Finished : 0.0 [s]
# ELAB2: Elaboration final pass complete - time: 0.0 [s].
# KERNEL: Kernel process initialization done.
# Allocation: Simulator allocated 6746 kB (elbread=427 elab2=6176 kernel=142 sdf=0)
# KERNEL: ASDB file was created in location D:\ActiveHDL_Projects\Project_Move_Forward\E2\src\wave.asdb
#  11:15, 10 July 2023
#  Simulation has been initialized
run 10 ns
# EXECUTION:: NOTE   : myFile2.txt
# 	file_open_status = open_ok
# EXECUTION:: Time: 0 ps,  Iteration: 0,  Instance: /datapath_tb/UUT/G1,  Process: line__18.
# KERNEL: stopped at time: 10 ns
# VSIM: 25 object(s) traced.
# Waveform file 'untitled.awc' connected to 'D:/ActiveHDL_Projects/Project_Move_Forward/E2/src/wave.asdb'.
run 10 ns
# KERNEL: stopped at time: 20 ns
run 10 ns
# KERNEL: stopped at time: 30 ns
run 10 ns
# KERNEL: stopped at time: 40 ns
run 10 ns
# KERNEL: WARNING: NUMERIC_STD.">": metavalue detected, returning FALSE
# KERNEL: Time: 45 ns,  Iteration: 1,  Instance: /datapath_tb/UUT,  Process: Stage3.
# KERNEL: WARNING: NUMERIC_STD."<": metavalue detected, returning FALSE
# KERNEL: Time: 45 ns,  Iteration: 1,  Instance: /datapath_tb/UUT,  Process: Stage3.
# KERNEL: WARNING: NUMERIC_STD."=": metavalue detected, returning FALSE
# KERNEL: Time: 45 ns,  Iteration: 1,  Instance: /datapath_tb/UUT,  Process: Stage3.
# KERNEL: stopped at time: 50 ns
run 10 ns
# KERNEL: WARNING: NUMERIC_STD.TO_INTEGER: metavalue detected, returning 0
# KERNEL: Time: 55 ns,  Iteration: 1,  Instance: /datapath_tb/UUT,  Process: Stage1.
# EXECUTION:: NOTE   : myFile2.txt closed.
# EXECUTION:: Time: 55 ns,  Iteration: 1,  Instance: /datapath_tb/UUT/G1,  Process: line__18.
# KERNEL: stopped at time: 60 ns
run 10 ns
# KERNEL: WARNING: NUMERIC_STD.TO_INTEGER: metavalue detected, returning 0
# KERNEL: Time: 65 ns,  Iteration: 1,  Instance: /datapath_tb/UUT,  Process: Stage1.
# KERNEL: stopped at time: 70 ns
endsim
# VSIM: Simulation has finished.
acom -O3 -e 100 -work E2 -2019  $dsn/src/main.vhd
# Warning: DAGGEN_0523: The source is compiled without the -dbg switch. Line breakpoints and assertion debug will not be available.
# File: D:/ActiveHDL_Projects/Project_Move_Forward/E2/src/main.vhd
# Compile Entity "filter_tb"
# Compile Architecture "filter_tb" of Entity "filter_tb"
# Compile Entity "DataPath"
# Compile Architecture "Behavior" of Entity "DataPath"
# Compile success 0 Errors 0 Warnings  Analysis time :  0.1 [s]
asim -O5 +access +r +m+datapath_tb datapath_tb TB_ARCHITECTURE
# ELBREAD: Elaboration process.
# ELBREAD: Elaboration time 0.0 [s].
# VSIM: Stack memory: 32MB
# VSIM: Retval memory: 32MB
# KERNEL: Main thread initiated.
# KERNEL: Kernel process initialization phase.
# ELAB2: Elaboration final pass...
# ELAB2: Create instances ...
# KERNEL: Time resolution set to 1ps.
# ELAB2: Create instances complete.
# SLP: Started
# SLP: Elaboration phase ...
# SLP: Elaboration phase ... skipped, nothing to simulate in SLP mode : 0.0 [s]
# SLP: Finished : 0.0 [s]
# ELAB2: Elaboration final pass complete - time: 0.0 [s].
# KERNEL: Kernel process initialization done.
# Allocation: Simulator allocated 6746 kB (elbread=427 elab2=6176 kernel=142 sdf=0)
# KERNEL: ASDB file was created in location D:\ActiveHDL_Projects\Project_Move_Forward\E2\src\wave.asdb
#  11:17, 10 July 2023
#  Simulation has been initialized
run 10 ns
# EXECUTION:: NOTE   : myFile.txt
# 	file_open_status = open_ok
# EXECUTION:: Time: 0 ps,  Iteration: 0,  Instance: /datapath_tb/UUT/G1,  Process: line__18.
# KERNEL: stopped at time: 10 ns
# VSIM: 25 object(s) traced.
# Waveform file 'untitled.awc' connected to 'D:/ActiveHDL_Projects/Project_Move_Forward/E2/src/wave.asdb'.
run 10 ns
# KERNEL: stopped at time: 20 ns
run 10 ns
# KERNEL: stopped at time: 30 ns
run 10 ns
# KERNEL: stopped at time: 40 ns
run 10 ns
# KERNEL: stopped at time: 50 ns
run 10 ns
# KERNEL: stopped at time: 60 ns
run 10 ns
# KERNEL: stopped at time: 70 ns
run 10 ns
# KERNEL: stopped at time: 80 ns
run 10 ns
# KERNEL: stopped at time: 90 ns
run 10 ns
# EXECUTION:: NOTE   : myFile.txt closed.
# EXECUTION:: Time: 95 ns,  Iteration: 1,  Instance: /datapath_tb/UUT/G1,  Process: line__18.
# KERNEL: stopped at time: 100 ns
run 10 ns
# KERNEL: stopped at time: 110 ns
run 10 ns
# KERNEL: WARNING: NUMERIC_STD.">": metavalue detected, returning FALSE
# KERNEL: Time: 115 ns,  Iteration: 1,  Instance: /datapath_tb/UUT,  Process: Stage3.
# KERNEL: WARNING: NUMERIC_STD."<": metavalue detected, returning FALSE
# KERNEL: Time: 115 ns,  Iteration: 1,  Instance: /datapath_tb/UUT,  Process: Stage3.
# KERNEL: WARNING: NUMERIC_STD."=": metavalue detected, returning FALSE
# KERNEL: Time: 115 ns,  Iteration: 1,  Instance: /datapath_tb/UUT,  Process: Stage3.
# KERNEL: stopped at time: 120 ns
run 10 ns
# KERNEL: WARNING: NUMERIC_STD.TO_INTEGER: metavalue detected, returning 0
# KERNEL: Time: 125 ns,  Iteration: 1,  Instance: /datapath_tb/UUT,  Process: Stage1.
# KERNEL: stopped at time: 130 ns
run 10 ns
# KERNEL: WARNING: NUMERIC_STD.TO_INTEGER: metavalue detected, returning 0
# KERNEL: Time: 135 ns,  Iteration: 1,  Instance: /datapath_tb/UUT,  Process: Stage1.
# KERNEL: stopped at time: 140 ns
endsim
# VSIM: Simulation has finished.
acom -O3 -e 100 -work E2 -2019  $dsn/src/main.vhd
# Warning: DAGGEN_0523: The source is compiled without the -dbg switch. Line breakpoints and assertion debug will not be available.
# File: D:/ActiveHDL_Projects/Project_Move_Forward/E2/src/main.vhd
# Compile Entity "filter_tb"
# Compile Architecture "filter_tb" of Entity "filter_tb"
# Compile Entity "DataPath"
# Compile Architecture "Behavior" of Entity "DataPath"
# Compile success 0 Errors 0 Warnings  Analysis time :  78.0 [ms]
acom -O3 -e 100 -work E2 -2019  $dsn/src/TestBench/datapath_TB_new.vhd
# Warning: DAGGEN_0523: The source is compiled without the -dbg switch. Line breakpoints and assertion debug will not be available.
# File: D:/ActiveHDL_Projects/Project_Move_Forward/E2/src/TestBench/datapath_TB_new.vhd
# Compile Entity "datapath_tb_new"
# Compile Architecture "TB_ARCHITECTURE_new" of Entity "datapath_tb_new"
# Compile Configuration "TESTBENCH_FOR_datapath"
# Compile success 0 Errors 0 Warnings  Analysis time :  94.0 [ms]
asim -O5 +access +r +m+datapath_tb datapath_tb TB_ARCHITECTURE
# ELBREAD: Elaboration process.
# ELBREAD: Error: The contents of entity 'e2.datapath' instantiated in architecture 'TB_ARCHITECTURE:datapath_tb' differ from the contents available during the compilation of this architecture.
# ELBREAD: Error: Elaboration process completed with errors.
# Design: Error: Elaboration failed
# Error: VSIM: cannot select specified top-level
acom -O3 -e 100 -work E2 -2019  $dsn/src/TestBench/datapath_TB.vhd
# Warning: DAGGEN_0523: The source is compiled without the -dbg switch. Line breakpoints and assertion debug will not be available.
# File: D:/ActiveHDL_Projects/Project_Move_Forward/E2/src/TestBench/datapath_TB.vhd
# Compile Entity "datapath_tb"
# Compile Architecture "TB_ARCHITECTURE" of Entity "datapath_tb"
# Compile Configuration "TESTBENCH_FOR_datapath"
# Compile success 0 Errors 0 Warnings  Analysis time :  62.0 [ms]
# ELBREAD: Elaboration process.
# ELBREAD: Elaboration time 0.0 [s].
asim -O5 +access +r +m+datapath_tb datapath_tb TB_ARCHITECTURE
# ELBREAD: Elaboration process.
# ELBREAD: Elaboration time 0.0 [s].
# VSIM: Stack memory: 32MB
# VSIM: Retval memory: 32MB
# KERNEL: Main thread initiated.
# KERNEL: Kernel process initialization phase.
# ELAB2: Elaboration final pass...
# ELAB2: Create instances ...
# KERNEL: Time resolution set to 1ps.
# ELAB2: Create instances complete.
# SLP: Started
# SLP: Elaboration phase ...
# SLP: Elaboration phase ... skipped, nothing to simulate in SLP mode : 0.0 [s]
# SLP: Finished : 0.0 [s]
# ELAB2: Elaboration final pass complete - time: 0.0 [s].
# KERNEL: Kernel process initialization done.
# Allocation: Simulator allocated 6747 kB (elbread=427 elab2=6177 kernel=143 sdf=0)
# KERNEL: ASDB file was created in location D:\ActiveHDL_Projects\Project_Move_Forward\E2\src\wave.asdb
#  11:21, 10 July 2023
#  Simulation has been initialized
run 10 ns
# EXECUTION:: NOTE   : myFile2.txt
# 	file_open_status = open_ok
# EXECUTION:: Time: 0 ps,  Iteration: 0,  Instance: /datapath_tb/UUT/G1,  Process: line__18.
# KERNEL: WARNING: NUMERIC_STD.TO_INTEGER: metavalue detected, returning 0
# KERNEL: Time: 5 ns,  Iteration: 1,  Instance: /datapath_tb/UUT,  Process: Stage1.
# KERNEL: WARNING: NUMERIC_STD.TO_INTEGER: metavalue detected, returning 0
# KERNEL: Time: 5 ns,  Iteration: 1,  Instance: /datapath_tb/UUT,  Process: Stage1.
# KERNEL: WARNING: NUMERIC_STD.TO_INTEGER: metavalue detected, returning 0
# KERNEL: Time: 5 ns,  Iteration: 1,  Instance: /datapath_tb/UUT,  Process: Stage1.
# KERNEL: WARNING: NUMERIC_STD.TO_INTEGER: metavalue detected, returning 0
# KERNEL: Time: 5 ns,  Iteration: 1,  Instance: /datapath_tb/UUT,  Process: Stage1.
# KERNEL: stopped at time: 10 ns
# VSIM: 25 object(s) traced.
# Waveform file 'untitled.awc' connected to 'D:/ActiveHDL_Projects/Project_Move_Forward/E2/src/wave.asdb'.
run 10 ns
# KERNEL: WARNING: NUMERIC_STD.TO_INTEGER: metavalue detected, returning 0
# KERNEL: Time: 15 ns,  Iteration: 1,  Instance: /datapath_tb/UUT,  Process: Stage1.
# KERNEL: stopped at time: 20 ns
run 10 ns
# KERNEL: stopped at time: 30 ns
run 10 ns
# KERNEL: stopped at time: 40 ns
run 10 ns
# KERNEL: stopped at time: 50 ns
run 10 ns
# EXECUTION:: NOTE   : myFile2.txt closed.
# EXECUTION:: Time: 55 ns,  Iteration: 1,  Instance: /datapath_tb/UUT/G1,  Process: line__18.
# KERNEL: stopped at time: 60 ns
run 10 ns
# KERNEL: stopped at time: 70 ns
run 10 ns
# KERNEL: stopped at time: 80 ns
run 10 ns
# KERNEL: stopped at time: 90 ns
run 10 ns
# KERNEL: stopped at time: 100 ns
run 10 ns
# KERNEL: stopped at time: 110 ns
run 10 ns
# KERNEL: stopped at time: 120 ns
endsim
# VSIM: Simulation has finished.
asim -O5 +access +r +m+datapath_tb datapath_tb TB_ARCHITECTURE
# ELBREAD: Elaboration process.
# ELBREAD: Elaboration time 0.0 [s].
# VSIM: Stack memory: 32MB
# VSIM: Retval memory: 32MB
acom -O3 -e 100 -work E2 -2019  $dsn/src/main.vhd
# Warning: DAGGEN_0523: The source is compiled without the -dbg switch. Line breakpoints and assertion debug will not be available.
# File: D:/ActiveHDL_Projects/Project_Move_Forward/E2/src/main.vhd
# Compile Entity "filter_tb"
# Compile Architecture "filter_tb" of Entity "filter_tb"
# Compile Entity "DataPath"
# Compile Architecture "Behavior" of Entity "DataPath"
# Compile success 0 Errors 0 Warnings  Analysis time :  0.1 [s]
# ELBREAD: Elaboration process.
# ELBREAD: Elaboration time 0.0 [s].
# KERNEL: Main thread initiated.
# KERNEL: Kernel process initialization phase.
# ELAB2: Elaboration final pass...
# ELAB2: Create instances ...
# KERNEL: Time resolution set to 1ps.
# ELAB2: Create instances complete.
# SLP: Started
# SLP: Elaboration phase ...
# SLP: Elaboration phase ... skipped, nothing to simulate in SLP mode : 0.0 [s]
# SLP: Finished : 0.0 [s]
# ELAB2: Elaboration final pass complete - time: 0.0 [s].
# KERNEL: Kernel process initialization done.
# Allocation: Simulator allocated 6747 kB (elbread=427 elab2=6177 kernel=143 sdf=0)
# KERNEL: ASDB file was created in location D:\ActiveHDL_Projects\Project_Move_Forward\E2\src\wave.asdb
#  11:22, 10 July 2023
#  Simulation has been initialized
run 10 ns
# EXECUTION:: NOTE   : myFile1.txt
# 	file_open_status = name_error
# EXECUTION:: Time: 0 ps,  Iteration: 0,  Instance: /datapath_tb/UUT/G1,  Process: line__18.
# EXECUTION:: FAILURE: file_open_status /= file_ok
# EXECUTION:: Time: 0 ps,  Iteration: 0,  Instance: /datapath_tb/UUT/G1,  Process: line__18.
# KERNEL: Stopped at time 0 ps + 0.
# VSIM: 25 object(s) traced.
# Waveform file 'untitled.awc' connected to 'D:/ActiveHDL_Projects/Project_Move_Forward/E2/src/wave.asdb'.
run 10 ns
# RUNTIME: Fatal Error: RUNTIME_0048 main.vhd (32): Cannot open file "myFile1.txt"; no such file or directory.
# KERNEL: Time: 0 ps,  Iteration: 0,  Instance: /datapath_tb/UUT/G1,  Process: line__18.
# KERNEL: Stopped at time 0 ps + 0.
# VSIM: Error: Fatal error occurred during simulation.
acom -O3 -e 100 -work E2 -2019  $dsn/src/main.vhd
# Warning: DAGGEN_0523: The source is compiled without the -dbg switch. Line breakpoints and assertion debug will not be available.
# File: D:/ActiveHDL_Projects/Project_Move_Forward/E2/src/main.vhd
# Compile Entity "filter_tb"
# Compile Architecture "filter_tb" of Entity "filter_tb"
# Compile Entity "DataPath"
# Compile Architecture "Behavior" of Entity "DataPath"
# Compile success 0 Errors 0 Warnings  Analysis time :  0.1 [s]
endsim
# VSIM: Simulation has finished.
asim -O5 +access +r +m+datapath_tb datapath_tb TB_ARCHITECTURE
# ELBREAD: Elaboration process.
# ELBREAD: Elaboration time 0.0 [s].
# VSIM: Stack memory: 32MB
# VSIM: Retval memory: 32MB
# KERNEL: Main thread initiated.
# KERNEL: Kernel process initialization phase.
# ELAB2: Elaboration final pass...
# ELAB2: Create instances ...
# KERNEL: Time resolution set to 1ps.
# ELAB2: Create instances complete.
# SLP: Started
# SLP: Elaboration phase ...
# SLP: Elaboration phase ... skipped, nothing to simulate in SLP mode : 0.0 [s]
# SLP: Finished : 0.0 [s]
# ELAB2: Elaboration final pass complete - time: 0.0 [s].
# KERNEL: Kernel process initialization done.
# Allocation: Simulator allocated 6747 kB (elbread=427 elab2=6177 kernel=143 sdf=0)
# KERNEL: ASDB file was created in location D:\ActiveHDL_Projects\Project_Move_Forward\E2\src\wave.asdb
#  11:22, 10 July 2023
#  Simulation has been initialized
run 10 ns
# EXECUTION:: NOTE   : myFile.txt
# 	file_open_status = open_ok
# EXECUTION:: Time: 0 ps,  Iteration: 0,  Instance: /datapath_tb/UUT/G1,  Process: line__18.
# KERNEL: WARNING: NUMERIC_STD.TO_INTEGER: metavalue detected, returning 0
# KERNEL: Time: 5 ns,  Iteration: 1,  Instance: /datapath_tb/UUT,  Process: Stage1.
# KERNEL: WARNING: NUMERIC_STD.TO_INTEGER: metavalue detected, returning 0
# KERNEL: Time: 5 ns,  Iteration: 1,  Instance: /datapath_tb/UUT,  Process: Stage1.
# KERNEL: WARNING: NUMERIC_STD.TO_INTEGER: metavalue detected, returning 0
# KERNEL: Time: 5 ns,  Iteration: 1,  Instance: /datapath_tb/UUT,  Process: Stage1.
# KERNEL: WARNING: NUMERIC_STD.TO_INTEGER: metavalue detected, returning 0
# KERNEL: Time: 5 ns,  Iteration: 1,  Instance: /datapath_tb/UUT,  Process: Stage1.
# KERNEL: stopped at time: 10 ns
# VSIM: 25 object(s) traced.
# Waveform file 'untitled.awc' connected to 'D:/ActiveHDL_Projects/Project_Move_Forward/E2/src/wave.asdb'.
run 10 ns
# KERNEL: WARNING: NUMERIC_STD.TO_INTEGER: metavalue detected, returning 0
# KERNEL: Time: 15 ns,  Iteration: 1,  Instance: /datapath_tb/UUT,  Process: Stage1.
# KERNEL: stopped at time: 20 ns
run 10 ns
# KERNEL: stopped at time: 30 ns
run 10 ns
# KERNEL: stopped at time: 40 ns
run 10 ns
# KERNEL: stopped at time: 50 ns
run 10 ns
# KERNEL: stopped at time: 60 ns
run 10 ns
# KERNEL: stopped at time: 70 ns
run 10 ns
# KERNEL: stopped at time: 80 ns
run 10 ns
# KERNEL: stopped at time: 90 ns
run 10 ns
# EXECUTION:: NOTE   : myFile.txt closed.
# EXECUTION:: Time: 95 ns,  Iteration: 1,  Instance: /datapath_tb/UUT/G1,  Process: line__18.
# KERNEL: stopped at time: 100 ns
run 10 ns
# KERNEL: stopped at time: 110 ns
run 10 ns
# KERNEL: stopped at time: 120 ns
run 10 ns
# KERNEL: stopped at time: 130 ns
run 10 ns
# KERNEL: stopped at time: 140 ns
run 10 ns
# KERNEL: stopped at time: 150 ns
endsim
# VSIM: Simulation has finished.
asim -O5 +access +r +m+datapath_tb datapath_tb TB_ARCHITECTURE
# ELBREAD: Elaboration process.
# ELBREAD: Elaboration time 0.0 [s].
# VSIM: Stack memory: 32MB
# VSIM: Retval memory: 32MB
# KERNEL: Main thread initiated.
# KERNEL: Kernel process initialization phase.
# ELAB2: Elaboration final pass...
# ELAB2: Create instances ...
# KERNEL: Time resolution set to 1ps.
# ELAB2: Create instances complete.
# SLP: Started
# SLP: Elaboration phase ...
# SLP: Elaboration phase ... skipped, nothing to simulate in SLP mode : 0.0 [s]
# SLP: Finished : 0.0 [s]
# ELAB2: Elaboration final pass complete - time: 0.0 [s].
# KERNEL: Kernel process initialization done.
# Allocation: Simulator allocated 6747 kB (elbread=427 elab2=6177 kernel=143 sdf=0)
# KERNEL: ASDB file was created in location D:\ActiveHDL_Projects\Project_Move_Forward\E2\src\wave.asdb
#  11:27, 10 July 2023
#  Simulation has been initialized
run 10 ns
# EXECUTION:: NOTE   : myFile.txt
# 	file_open_status = open_ok
# EXECUTION:: Time: 0 ps,  Iteration: 0,  Instance: /datapath_tb/UUT/G1,  Process: line__18.
# KERNEL: WARNING: NUMERIC_STD.TO_INTEGER: metavalue detected, returning 0
# KERNEL: Time: 5 ns,  Iteration: 1,  Instance: /datapath_tb/UUT,  Process: Stage1.
# KERNEL: WARNING: NUMERIC_STD.TO_INTEGER: metavalue detected, returning 0
# KERNEL: Time: 5 ns,  Iteration: 1,  Instance: /datapath_tb/UUT,  Process: Stage1.
# KERNEL: WARNING: NUMERIC_STD.TO_INTEGER: metavalue detected, returning 0
# KERNEL: Time: 5 ns,  Iteration: 1,  Instance: /datapath_tb/UUT,  Process: Stage1.
# KERNEL: WARNING: NUMERIC_STD.TO_INTEGER: metavalue detected, returning 0
# KERNEL: Time: 5 ns,  Iteration: 1,  Instance: /datapath_tb/UUT,  Process: Stage1.
# KERNEL: stopped at time: 10 ns
# VSIM: 25 object(s) traced.
# Waveform file 'untitled.awc' connected to 'D:/ActiveHDL_Projects/Project_Move_Forward/E2/src/wave.asdb'.
run 10 ns
# KERNEL: WARNING: NUMERIC_STD.TO_INTEGER: metavalue detected, returning 0
# KERNEL: Time: 15 ns,  Iteration: 1,  Instance: /datapath_tb/UUT,  Process: Stage1.
# KERNEL: stopped at time: 20 ns
run 10 ns
# KERNEL: stopped at time: 30 ns
run 10 ns
# KERNEL: stopped at time: 40 ns
run 10 ns
# KERNEL: stopped at time: 50 ns
run 10 ns
# KERNEL: stopped at time: 60 ns
run 10 ns
# KERNEL: stopped at time: 70 ns
run 10 ns
# KERNEL: stopped at time: 80 ns
run 10 ns
# KERNEL: stopped at time: 90 ns
run 10 ns
# KERNEL: stopped at time: 100 ns
run 10 ns
# KERNEL: stopped at time: 110 ns
run 10 ns
# EXECUTION:: NOTE   : myFile.txt closed.
# EXECUTION:: Time: 115 ns,  Iteration: 1,  Instance: /datapath_tb/UUT/G1,  Process: line__18.
# KERNEL: stopped at time: 120 ns
run 10 ns
# KERNEL: stopped at time: 130 ns
run 10 ns
# KERNEL: stopped at time: 140 ns
run 10 ns
# KERNEL: stopped at time: 150 ns
run 10 ns
# KERNEL: stopped at time: 160 ns
endsim
# VSIM: Simulation has finished.
acom -O3 -e 100 -work E2 -2019  $dsn/src/main.vhd
# Warning: DAGGEN_0523: The source is compiled without the -dbg switch. Line breakpoints and assertion debug will not be available.
# File: D:/ActiveHDL_Projects/Project_Move_Forward/E2/src/main.vhd
# Compile Entity "filter_tb"
# Compile Architecture "filter_tb" of Entity "filter_tb"
# Compile Entity "DataPath"
# Compile Architecture "Behavior" of Entity "DataPath"
# Compile success 0 Errors 0 Warnings  Analysis time :  0.1 [s]
acom -O3 -e 100 -work E2 -2019  $dsn/src/main.vhd
# Warning: DAGGEN_0523: The source is compiled without the -dbg switch. Line breakpoints and assertion debug will not be available.
# File: D:/ActiveHDL_Projects/Project_Move_Forward/E2/src/main.vhd
# Compile Entity "filter_tb"
# Compile Architecture "filter_tb" of Entity "filter_tb"
# Compile Entity "DataPath"
# Compile Architecture "Behavior" of Entity "DataPath"
# Compile success 0 Errors 0 Warnings  Analysis time :  0.1 [s]
acom -O3 -e 100 -work E2 -2019  $dsn/src/main.vhd
# Warning: DAGGEN_0523: The source is compiled without the -dbg switch. Line breakpoints and assertion debug will not be available.
# File: D:/ActiveHDL_Projects/Project_Move_Forward/E2/src/main.vhd
# Compile Entity "filter_tb"
# Compile Architecture "filter_tb" of Entity "filter_tb"
# Compile Entity "DataPath"
# Compile Architecture "Behavior" of Entity "DataPath"
# Error: COMP96_0015: main.vhd : (288, 502): ')' expected.
# Error: COMP96_0019: main.vhd : (289, 7): Keyword 'then' expected.
# Error: COMP96_0015: main.vhd : (290, 505): ')' expected.
# Error: COMP96_0019: main.vhd : (291, 7): Keyword 'then' expected.
# Error: COMP96_0015: main.vhd : (292, 505): ')' expected.
# Error: COMP96_0019: main.vhd : (293, 7): Keyword 'then' expected.
# Error: COMP96_0019: main.vhd : (298, 4): Keyword 'end' expected.
# Error: COMP96_0015: main.vhd : (303, 9): ';' expected.
# Error: COMP96_0016: main.vhd : (303, 11): Design unit declaration expected.
# Compile failure 9 Errors 0 Warnings  Analysis time :  47.0 [ms]
acom -O3 -e 100 -work E2 -2019  $dsn/src/main.vhd
# Warning: DAGGEN_0523: The source is compiled without the -dbg switch. Line breakpoints and assertion debug will not be available.
# File: D:/ActiveHDL_Projects/Project_Move_Forward/E2/src/main.vhd
# Compile Entity "filter_tb"
# Compile Architecture "filter_tb" of Entity "filter_tb"
# Compile Entity "DataPath"
# Compile Architecture "Behavior" of Entity "DataPath"
# Error: COMP96_0015: main.vhd : (288, 502): ')' expected.
# Error: COMP96_0019: main.vhd : (289, 7): Keyword 'then' expected.
# Error: COMP96_0015: main.vhd : (290, 519): ')' expected.
# Error: COMP96_0019: main.vhd : (291, 7): Keyword 'then' expected.
# Error: COMP96_0015: main.vhd : (292, 505): ')' expected.
# Error: COMP96_0019: main.vhd : (293, 7): Keyword 'then' expected.
# Error: COMP96_0019: main.vhd : (296, 9): Keyword 'process' expected.
# Error: COMP96_0019: main.vhd : (298, 4): Keyword 'end' expected.
# Error: COMP96_0016: main.vhd : (300, 5): Design unit declaration expected.
# Compile failure 9 Errors 0 Warnings  Analysis time :  32.0 [ms]
acom -O3 -e 100 -work E2 -2019  $dsn/src/main.vhd
# Warning: DAGGEN_0523: The source is compiled without the -dbg switch. Line breakpoints and assertion debug will not be available.
# File: D:/ActiveHDL_Projects/Project_Move_Forward/E2/src/main.vhd
# Compile Entity "filter_tb"
# Compile Architecture "filter_tb" of Entity "filter_tb"
# Compile Entity "DataPath"
# Compile Architecture "Behavior" of Entity "DataPath"
# Error: COMP96_0015: main.vhd : (290, 519): ')' expected.
# Error: COMP96_0019: main.vhd : (291, 7): Keyword 'then' expected.
# Error: COMP96_0015: main.vhd : (292, 505): ')' expected.
# Error: COMP96_0019: main.vhd : (293, 7): Keyword 'then' expected.
# Error: COMP96_0019: main.vhd : (298, 4): Keyword 'end' expected.
# Error: COMP96_0015: main.vhd : (303, 9): ';' expected.
# Error: COMP96_0016: main.vhd : (303, 11): Design unit declaration expected.
# Compile failure 7 Errors 0 Warnings  Analysis time :  47.0 [ms]
acom -O3 -e 100 -work E2 -2019  $dsn/src/main.vhd
# Warning: DAGGEN_0523: The source is compiled without the -dbg switch. Line breakpoints and assertion debug will not be available.
# File: D:/ActiveHDL_Projects/Project_Move_Forward/E2/src/main.vhd
# Compile Entity "filter_tb"
# Compile Architecture "filter_tb" of Entity "filter_tb"
# Compile Entity "DataPath"
# Compile Architecture "Behavior" of Entity "DataPath"
# Error: COMP96_0015: main.vhd : (292, 505): ')' expected.
# Error: COMP96_0019: main.vhd : (293, 7): Keyword 'then' expected.
# Compile failure 2 Errors 0 Warnings  Analysis time :  31.0 [ms]
acom -O3 -e 100 -work E2 -2019  $dsn/src/main.vhd
# Warning: DAGGEN_0523: The source is compiled without the -dbg switch. Line breakpoints and assertion debug will not be available.
# File: D:/ActiveHDL_Projects/Project_Move_Forward/E2/src/main.vhd
# Compile Entity "filter_tb"
# Compile Architecture "filter_tb" of Entity "filter_tb"
# Compile Entity "DataPath"
# Compile Architecture "Behavior" of Entity "DataPath"
# Error: COMP96_0019: main.vhd : (320, 6): Keyword 'if' expected.
# Error: COMP96_0015: main.vhd : (320, 6): ';' expected.
# Error: COMP96_0046: main.vhd : (322, 2): Sequential statement expected.
# Error: COMP96_0019: main.vhd : (325, 2): Keyword 'end' expected.
# Error: COMP96_0019: main.vhd : (326, 2): Keyword 'end' expected.
# Error: COMP96_0016: main.vhd : (326, 11): Design unit declaration expected.
# Compile failure 6 Errors 0 Warnings  Analysis time :  31.0 [ms]
acom -O3 -e 100 -work E2 -2019  $dsn/src/main.vhd
# Warning: DAGGEN_0523: The source is compiled without the -dbg switch. Line breakpoints and assertion debug will not be available.
# File: D:/ActiveHDL_Projects/Project_Move_Forward/E2/src/main.vhd
# Compile Entity "filter_tb"
# Compile Architecture "filter_tb" of Entity "filter_tb"
# Compile Entity "DataPath"
# Compile Architecture "Behavior" of Entity "DataPath"
# Error: COMP96_0019: main.vhd : (320, 6): Keyword 'if' expected.
# Error: COMP96_0015: main.vhd : (320, 6): ';' expected.
# Error: COMP96_0046: main.vhd : (322, 2): Sequential statement expected.
# Error: COMP96_0019: main.vhd : (325, 2): Keyword 'end' expected.
# Error: COMP96_0019: main.vhd : (326, 2): Keyword 'end' expected.
# Error: COMP96_0016: main.vhd : (326, 11): Design unit declaration expected.
# Compile failure 6 Errors 0 Warnings  Analysis time :  15.0 [ms]
acom -O3 -e 100 -work E2 -2019  $dsn/src/main.vhd
# Warning: DAGGEN_0523: The source is compiled without the -dbg switch. Line breakpoints and assertion debug will not be available.
# File: D:/ActiveHDL_Projects/Project_Move_Forward/E2/src/main.vhd
# Compile Entity "filter_tb"
# Compile Architecture "filter_tb" of Entity "filter_tb"
# Compile Entity "DataPath"
# Compile Architecture "Behavior" of Entity "DataPath"
# Compile success 0 Errors 0 Warnings  Analysis time :  0.1 [s]
acom -O3 -e 100 -work E2 -2019  $dsn/src/main.vhd
# Warning: DAGGEN_0523: The source is compiled without the -dbg switch. Line breakpoints and assertion debug will not be available.
# File: D:/ActiveHDL_Projects/Project_Move_Forward/E2/src/main.vhd
# Compile Entity "filter_tb"
# Compile Architecture "filter_tb" of Entity "filter_tb"
# Compile Entity "DataPath"
# Compile Architecture "Behavior" of Entity "DataPath"
# Compile success 0 Errors 0 Warnings  Analysis time :  78.0 [ms]
asim -O5 +access +r +m+datapath_tb datapath_tb TB_ARCHITECTURE
# ELBREAD: Elaboration process.
# ELBREAD: Elaboration time 0.0 [s].
# VSIM: Stack memory: 32MB
# VSIM: Retval memory: 32MB
# KERNEL: Main thread initiated.
# KERNEL: Kernel process initialization phase.
# ELAB2: Elaboration final pass...
# ELAB2: Create instances ...
# KERNEL: Time resolution set to 1ps.
# ELAB2: Create instances complete.
# SLP: Started
# SLP: Elaboration phase ...
# SLP: Elaboration phase ... skipped, nothing to simulate in SLP mode : 0.0 [s]
# SLP: Finished : 0.0 [s]
# ELAB2: Elaboration final pass complete - time: 0.0 [s].
# KERNEL: Kernel process initialization done.
# Allocation: Simulator allocated 6749 kB (elbread=427 elab2=6178 kernel=143 sdf=0)
# KERNEL: ASDB file was created in location D:\ActiveHDL_Projects\Project_Move_Forward\E2\src\wave.asdb
#  17:02, 10 July 2023
#  Simulation has been initialized
run 10 ns
# EXECUTION:: NOTE   : myFile.txt
# 	file_open_status = open_ok
# EXECUTION:: Time: 0 ps,  Iteration: 0,  Instance: /datapath_tb/UUT/G1,  Process: line__18.
# KERNEL: WARNING: NUMERIC_STD.TO_INTEGER: metavalue detected, returning 0
# KERNEL: Time: 5 ns,  Iteration: 1,  Instance: /datapath_tb/UUT,  Process: Stage1.
# KERNEL: WARNING: NUMERIC_STD.TO_INTEGER: metavalue detected, returning 0
# KERNEL: Time: 5 ns,  Iteration: 1,  Instance: /datapath_tb/UUT,  Process: Stage1.
# KERNEL: WARNING: NUMERIC_STD.TO_INTEGER: metavalue detected, returning 0
# KERNEL: Time: 5 ns,  Iteration: 1,  Instance: /datapath_tb/UUT,  Process: Stage1.
# KERNEL: WARNING: NUMERIC_STD.TO_INTEGER: metavalue detected, returning 0
# KERNEL: Time: 5 ns,  Iteration: 1,  Instance: /datapath_tb/UUT,  Process: Stage1.
# KERNEL: stopped at time: 10 ns
# VSIM: 25 object(s) traced.
# Waveform file 'untitled.awc' connected to 'D:/ActiveHDL_Projects/Project_Move_Forward/E2/src/wave.asdb'.
run 10 ns
# KERNEL: WARNING: NUMERIC_STD.TO_INTEGER: metavalue detected, returning 0
# KERNEL: Time: 15 ns,  Iteration: 1,  Instance: /datapath_tb/UUT,  Process: Stage1.
# KERNEL: stopped at time: 20 ns
run 10 ns
# KERNEL: stopped at time: 30 ns
run 10 ns
# KERNEL: stopped at time: 40 ns
run 10 ns
# KERNEL: stopped at time: 50 ns
run 10 ns
# KERNEL: stopped at time: 60 ns
run 10 ns
# KERNEL: stopped at time: 70 ns
run 10 ns
# KERNEL: stopped at time: 80 ns
run 10 ns
# KERNEL: stopped at time: 90 ns
run 10 ns
# KERNEL: stopped at time: 100 ns
run 10 ns
# KERNEL: stopped at time: 110 ns
endsim
# VSIM: Simulation has finished.
